[WORKER FATAL ERROR] local variable 'node_file_path' referenced before assignment
Traceback (most recent call last):
  File "/afs/enea.it/fra/user/faltelli/CRAB/src/crab/core/engine.py", line 513, in _run_worker
    spec_app.loader.exec_module(mod_app)
  File "<frozen importlib._bootstrap_external>", line 846, in exec_module
  File "<frozen importlib._bootstrap_external>", line 982, in get_code
  File "<frozen importlib._bootstrap_external>", line 1039, in get_data
FileNotFoundError: [Errno 2] No such file or directory: '/afs/enea.it/por/user/faltelli/CRAB/wrappers/a2a_comm_only.py'

During handling of the above exception, another exception occurred:

Traceback (most recent call last):
  File "/afs/enea.it/fra/user/faltelli/CRAB/src/crab/cli/orchestrator.py", line 67, in run_from_cli
    engine.run(
  File "/afs/enea.it/fra/user/faltelli/CRAB/src/crab/core/engine.py", line 285, in run
    self._run_worker(config, environment, output_dir)
  File "/afs/enea.it/fra/user/faltelli/CRAB/src/crab/core/engine.py", line 791, in _run_worker
    if os.path.exists(node_file_path):
UnboundLocalError: local variable 'node_file_path' referenced before assignment
